1716673682.238952 client started (21788): version 3.4, socket /tmp/tmux-1000/default, protocol 8
1716673682.239066 on Linux 6.9.1-arch1-2 #1 SMP PREEMPT_DYNAMIC Wed, 22 May 2024 13:47:07 +0000
1716673682.239075 using libevent 2.1.12-stable poll
1716673682.239080 using ncurses 6.5 20240427
1716673682.239113 flags are 0x10010000
1716673682.239138 socket is /tmp/tmux-1000/default
1716673682.239163 trying connect
1716673682.239319 add peer 0x5958ebe27dd0: 6 ((nil))
1716673682.239891 sending message 100 to peer 0x5958ebe27dd0 (4 bytes)
1716673682.239902 sending message 111 to peer 0x5958ebe27dd0 (8 bytes)
1716673682.239907 sending message 101 to peer 0x5958ebe27dd0 (14 bytes)
1716673682.239910 sending message 109 to peer 0x5958ebe27dd0 (4 bytes)
1716673682.239914 sending message 102 to peer 0x5958ebe27dd0 (11 bytes)
1716673682.239918 sending message 108 to peer 0x5958ebe27dd0 (18 bytes)
1716673682.239922 sending message 112 to peer 0x5958ebe27dd0 (70 bytes)
1716673682.239926 sending message 112 to peer 0x5958ebe27dd0 (5 bytes)
1716673682.239930 sending message 112 to peer 0x5958ebe27dd0 (5 bytes)
1716673682.239933 sending message 112 to peer 0x5958ebe27dd0 (6 bytes)
1716673682.239936 sending message 112 to peer 0x5958ebe27dd0 (6 bytes)
1716673682.239940 sending message 112 to peer 0x5958ebe27dd0 (11 bytes)
1716673682.239944 sending message 112 to peer 0x5958ebe27dd0 (10 bytes)
1716673682.239948 sending message 112 to peer 0x5958ebe27dd0 (13 bytes)
1716673682.239951 sending message 112 to peer 0x5958ebe27dd0 (13 bytes)
1716673682.239955 sending message 112 to peer 0x5958ebe27dd0 (18 bytes)
1716673682.239958 sending message 112 to peer 0x5958ebe27dd0 (11 bytes)
1716673682.239962 sending message 112 to peer 0x5958ebe27dd0 (10 bytes)
1716673682.239965 sending message 112 to peer 0x5958ebe27dd0 (15 bytes)
1716673682.239968 sending message 112 to peer 0x5958ebe27dd0 (21 bytes)
1716673682.239972 sending message 112 to peer 0x5958ebe27dd0 (13 bytes)
1716673682.239976 sending message 112 to peer 0x5958ebe27dd0 (7 bytes)
1716673682.239979 sending message 112 to peer 0x5958ebe27dd0 (13 bytes)
1716673682.239983 sending message 112 to peer 0x5958ebe27dd0 (7 bytes)
1716673682.239986 sending message 112 to peer 0x5958ebe27dd0 (13 bytes)
1716673682.239990 sending message 112 to peer 0x5958ebe27dd0 (9 bytes)
1716673682.239993 sending message 112 to peer 0x5958ebe27dd0 (21 bytes)
1716673682.239997 sending message 112 to peer 0x5958ebe27dd0 (13 bytes)
1716673682.240001 sending message 112 to peer 0x5958ebe27dd0 (8 bytes)
1716673682.240004 sending message 112 to peer 0x5958ebe27dd0 (12 bytes)
1716673682.240008 sending message 112 to peer 0x5958ebe27dd0 (13 bytes)
1716673682.240011 sending message 112 to peer 0x5958ebe27dd0 (9 bytes)
1716673682.240015 sending message 112 to peer 0x5958ebe27dd0 (9 bytes)
1716673682.240018 sending message 112 to peer 0x5958ebe27dd0 (12 bytes)
1716673682.240022 sending message 112 to peer 0x5958ebe27dd0 (8 bytes)
1716673682.240025 sending message 112 to peer 0x5958ebe27dd0 (8 bytes)
1716673682.240029 sending message 112 to peer 0x5958ebe27dd0 (7 bytes)
1716673682.240033 sending message 112 to peer 0x5958ebe27dd0 (7 bytes)
1716673682.240036 sending message 112 to peer 0x5958ebe27dd0 (9 bytes)
1716673682.240040 sending message 112 to peer 0x5958ebe27dd0 (13 bytes)
1716673682.240043 sending message 112 to peer 0x5958ebe27dd0 (6 bytes)
1716673682.240047 sending message 112 to peer 0x5958ebe27dd0 (9 bytes)
1716673682.240050 sending message 112 to peer 0x5958ebe27dd0 (15 bytes)
1716673682.240053 sending message 112 to peer 0x5958ebe27dd0 (13 bytes)
1716673682.240057 sending message 112 to peer 0x5958ebe27dd0 (12 bytes)
1716673682.240069 sending message 112 to peer 0x5958ebe27dd0 (8 bytes)
1716673682.240073 sending message 112 to peer 0x5958ebe27dd0 (14 bytes)
1716673682.240076 sending message 112 to peer 0x5958ebe27dd0 (11 bytes)
1716673682.240080 sending message 112 to peer 0x5958ebe27dd0 (9 bytes)
1716673682.240083 sending message 112 to peer 0x5958ebe27dd0 (10 bytes)
1716673682.240086 sending message 112 to peer 0x5958ebe27dd0 (10 bytes)
1716673682.240101 sending message 112 to peer 0x5958ebe27dd0 (10 bytes)
1716673682.240105 sending message 112 to peer 0x5958ebe27dd0 (10 bytes)
1716673682.240109 sending message 112 to peer 0x5958ebe27dd0 (11 bytes)
1716673682.240113 sending message 112 to peer 0x5958ebe27dd0 (12 bytes)
1716673682.240117 sending message 112 to peer 0x5958ebe27dd0 (12 bytes)
1716673682.240120 sending message 112 to peer 0x5958ebe27dd0 (12 bytes)
1716673682.240124 sending message 112 to peer 0x5958ebe27dd0 (12 bytes)
1716673682.240127 sending message 112 to peer 0x5958ebe27dd0 (12 bytes)
1716673682.240131 sending message 112 to peer 0x5958ebe27dd0 (11 bytes)
1716673682.240134 sending message 112 to peer 0x5958ebe27dd0 (11 bytes)
1716673682.240138 sending message 112 to peer 0x5958ebe27dd0 (12 bytes)
1716673682.240142 sending message 112 to peer 0x5958ebe27dd0 (12 bytes)
1716673682.240145 sending message 112 to peer 0x5958ebe27dd0 (12 bytes)
1716673682.240149 sending message 112 to peer 0x5958ebe27dd0 (12 bytes)
1716673682.240152 sending message 112 to peer 0x5958ebe27dd0 (12 bytes)
1716673682.240155 sending message 112 to peer 0x5958ebe27dd0 (10 bytes)
1716673682.240159 sending message 112 to peer 0x5958ebe27dd0 (12 bytes)
1716673682.240163 sending message 112 to peer 0x5958ebe27dd0 (13 bytes)
1716673682.240166 sending message 112 to peer 0x5958ebe27dd0 (13 bytes)
1716673682.240170 sending message 112 to peer 0x5958ebe27dd0 (13 bytes)
1716673682.240174 sending message 112 to peer 0x5958ebe27dd0 (13 bytes)
1716673682.240177 sending message 112 to peer 0x5958ebe27dd0 (13 bytes)
1716673682.240180 sending message 112 to peer 0x5958ebe27dd0 (8 bytes)
1716673682.240184 sending message 112 to peer 0x5958ebe27dd0 (11 bytes)
1716673682.240188 sending message 112 to peer 0x5958ebe27dd0 (11 bytes)
1716673682.240192 sending message 112 to peer 0x5958ebe27dd0 (11 bytes)
1716673682.240195 sending message 112 to peer 0x5958ebe27dd0 (12 bytes)
1716673682.240199 sending message 112 to peer 0x5958ebe27dd0 (12 bytes)
1716673682.240202 sending message 112 to peer 0x5958ebe27dd0 (12 bytes)
1716673682.240206 sending message 112 to peer 0x5958ebe27dd0 (12 bytes)
1716673682.240209 sending message 112 to peer 0x5958ebe27dd0 (13 bytes)
1716673682.240213 sending message 112 to peer 0x5958ebe27dd0 (13 bytes)
1716673682.240216 sending message 112 to peer 0x5958ebe27dd0 (13 bytes)
1716673682.240220 sending message 112 to peer 0x5958ebe27dd0 (8 bytes)
1716673682.240225 sending message 112 to peer 0x5958ebe27dd0 (13 bytes)
1716673682.240229 sending message 112 to peer 0x5958ebe27dd0 (13 bytes)
1716673682.240233 sending message 112 to peer 0x5958ebe27dd0 (13 bytes)
1716673682.240236 sending message 112 to peer 0x5958ebe27dd0 (13 bytes)
1716673682.240240 sending message 112 to peer 0x5958ebe27dd0 (13 bytes)
1716673682.240243 sending message 112 to peer 0x5958ebe27dd0 (12 bytes)
1716673682.240247 sending message 112 to peer 0x5958ebe27dd0 (12 bytes)
1716673682.240250 sending message 112 to peer 0x5958ebe27dd0 (12 bytes)
1716673682.240254 sending message 112 to peer 0x5958ebe27dd0 (12 bytes)
1716673682.240258 sending message 112 to peer 0x5958ebe27dd0 (13 bytes)
1716673682.240262 sending message 112 to peer 0x5958ebe27dd0 (8 bytes)
1716673682.240265 sending message 112 to peer 0x5958ebe27dd0 (13 bytes)
1716673682.240271 sending message 112 to peer 0x5958ebe27dd0 (13 bytes)
1716673682.240275 sending message 112 to peer 0x5958ebe27dd0 (13 bytes)
1716673682.240278 sending message 112 to peer 0x5958ebe27dd0 (13 bytes)
1716673682.240282 sending message 112 to peer 0x5958ebe27dd0 (13 bytes)
1716673682.240285 sending message 112 to peer 0x5958ebe27dd0 (13 bytes)
1716673682.240289 sending message 112 to peer 0x5958ebe27dd0 (13 bytes)
1716673682.240293 sending message 112 to peer 0x5958ebe27dd0 (12 bytes)
1716673682.240296 sending message 112 to peer 0x5958ebe27dd0 (12 bytes)
1716673682.240299 sending message 112 to peer 0x5958ebe27dd0 (12 bytes)
1716673682.240303 sending message 112 to peer 0x5958ebe27dd0 (8 bytes)
1716673682.240306 sending message 112 to peer 0x5958ebe27dd0 (12 bytes)
1716673682.240315 sending message 112 to peer 0x5958ebe27dd0 (13 bytes)
1716673682.240318 sending message 112 to peer 0x5958ebe27dd0 (13 bytes)
1716673682.240322 sending message 112 to peer 0x5958ebe27dd0 (13 bytes)
1716673682.240326 sending message 112 to peer 0x5958ebe27dd0 (13 bytes)
1716673682.240329 sending message 112 to peer 0x5958ebe27dd0 (13 bytes)
1716673682.240333 sending message 112 to peer 0x5958ebe27dd0 (13 bytes)
1716673682.240336 sending message 112 to peer 0x5958ebe27dd0 (13 bytes)
1716673682.240340 sending message 112 to peer 0x5958ebe27dd0 (13 bytes)
1716673682.240343 sending message 112 to peer 0x5958ebe27dd0 (12 bytes)
1716673682.240347 sending message 112 to peer 0x5958ebe27dd0 (10 bytes)
1716673682.240351 sending message 112 to peer 0x5958ebe27dd0 (12 bytes)
1716673682.240354 sending message 112 to peer 0x5958ebe27dd0 (12 bytes)
1716673682.240358 sending message 112 to peer 0x5958ebe27dd0 (12 bytes)
1716673682.240361 sending message 112 to peer 0x5958ebe27dd0 (13 bytes)
1716673682.240365 sending message 112 to peer 0x5958ebe27dd0 (13 bytes)
1716673682.240368 sending message 112 to peer 0x5958ebe27dd0 (13 bytes)
1716673682.240372 sending message 112 to peer 0x5958ebe27dd0 (13 bytes)
1716673682.240375 sending message 112 to peer 0x5958ebe27dd0 (13 bytes)
1716673682.240379 sending message 112 to peer 0x5958ebe27dd0 (13 bytes)
1716673682.240383 sending message 112 to peer 0x5958ebe27dd0 (13 bytes)
1716673682.240386 sending message 112 to peer 0x5958ebe27dd0 (10 bytes)
1716673682.240390 sending message 112 to peer 0x5958ebe27dd0 (13 bytes)
1716673682.240393 sending message 112 to peer 0x5958ebe27dd0 (12 bytes)
1716673682.240396 sending message 112 to peer 0x5958ebe27dd0 (12 bytes)
1716673682.240400 sending message 112 to peer 0x5958ebe27dd0 (12 bytes)
1716673682.240404 sending message 112 to peer 0x5958ebe27dd0 (10 bytes)
1716673682.240407 sending message 112 to peer 0x5958ebe27dd0 (10 bytes)
1716673682.240411 sending message 112 to peer 0x5958ebe27dd0 (10 bytes)
1716673682.240415 sending message 112 to peer 0x5958ebe27dd0 (12 bytes)
1716673682.240418 sending message 112 to peer 0x5958ebe27dd0 (13 bytes)
1716673682.240421 sending message 112 to peer 0x5958ebe27dd0 (13 bytes)
1716673682.240425 sending message 112 to peer 0x5958ebe27dd0 (13 bytes)
1716673682.240429 sending message 112 to peer 0x5958ebe27dd0 (13 bytes)
1716673682.240432 sending message 112 to peer 0x5958ebe27dd0 (13 bytes)
1716673682.240436 sending message 112 to peer 0x5958ebe27dd0 (11 bytes)
1716673682.240439 sending message 112 to peer 0x5958ebe27dd0 (11 bytes)
1716673682.240443 sending message 112 to peer 0x5958ebe27dd0 (12 bytes)
1716673682.240447 sending message 112 to peer 0x5958ebe27dd0 (12 bytes)
1716673682.240450 sending message 112 to peer 0x5958ebe27dd0 (12 bytes)
1716673682.240454 sending message 112 to peer 0x5958ebe27dd0 (12 bytes)
1716673682.240457 sending message 112 to peer 0x5958ebe27dd0 (12 bytes)
1716673682.240461 sending message 112 to peer 0x5958ebe27dd0 (11 bytes)
1716673682.240464 sending message 112 to peer 0x5958ebe27dd0 (12 bytes)
1716673682.240468 sending message 112 to peer 0x5958ebe27dd0 (12 bytes)
1716673682.240472 sending message 112 to peer 0x5958ebe27dd0 (13 bytes)
1716673682.240475 sending message 112 to peer 0x5958ebe27dd0 (13 bytes)
1716673682.240478 sending message 112 to peer 0x5958ebe27dd0 (13 bytes)
1716673682.240482 sending message 112 to peer 0x5958ebe27dd0 (13 bytes)
1716673682.240486 sending message 112 to peer 0x5958ebe27dd0 (13 bytes)
1716673682.240489 sending message 112 to peer 0x5958ebe27dd0 (10 bytes)
1716673682.240493 sending message 112 to peer 0x5958ebe27dd0 (9 bytes)
1716673682.240496 sending message 112 to peer 0x5958ebe27dd0 (12 bytes)
1716673682.240500 sending message 112 to peer 0x5958ebe27dd0 (13 bytes)
1716673682.240503 sending message 112 to peer 0x5958ebe27dd0 (13 bytes)
1716673682.240507 sending message 112 to peer 0x5958ebe27dd0 (13 bytes)
1716673682.240510 sending message 112 to peer 0x5958ebe27dd0 (13 bytes)
1716673682.240514 sending message 112 to peer 0x5958ebe27dd0 (13 bytes)
1716673682.240522 sending message 112 to peer 0x5958ebe27dd0 (9 bytes)
1716673682.240526 sending message 112 to peer 0x5958ebe27dd0 (12 bytes)
1716673682.240530 sending message 112 to peer 0x5958ebe27dd0 (13 bytes)
1716673682.240533 sending message 112 to peer 0x5958ebe27dd0 (13 bytes)
1716673682.240537 sending message 112 to peer 0x5958ebe27dd0 (13 bytes)
1716673682.240540 sending message 112 to peer 0x5958ebe27dd0 (13 bytes)
1716673682.240544 sending message 112 to peer 0x5958ebe27dd0 (13 bytes)
1716673682.240547 sending message 112 to peer 0x5958ebe27dd0 (11 bytes)
1716673682.240551 sending message 112 to peer 0x5958ebe27dd0 (12 bytes)
1716673682.240555 sending message 112 to peer 0x5958ebe27dd0 (13 bytes)
1716673682.240558 sending message 112 to peer 0x5958ebe27dd0 (13 bytes)
1716673682.240562 sending message 112 to peer 0x5958ebe27dd0 (13 bytes)
1716673682.240565 sending message 112 to peer 0x5958ebe27dd0 (13 bytes)
1716673682.240569 sending message 112 to peer 0x5958ebe27dd0 (13 bytes)
1716673682.240573 sending message 112 to peer 0x5958ebe27dd0 (11 bytes)
1716673682.240577 sending message 112 to peer 0x5958ebe27dd0 (12 bytes)
1716673682.240580 sending message 112 to peer 0x5958ebe27dd0 (12 bytes)
1716673682.240584 sending message 112 to peer 0x5958ebe27dd0 (12 bytes)
1716673682.240588 sending message 112 to peer 0x5958ebe27dd0 (12 bytes)
1716673682.240592 sending message 112 to peer 0x5958ebe27dd0 (12 bytes)
1716673682.240596 sending message 112 to peer 0x5958ebe27dd0 (21 bytes)
1716673682.240599 sending message 112 to peer 0x5958ebe27dd0 (12 bytes)
1716673682.240603 sending message 112 to peer 0x5958ebe27dd0 (9 bytes)
1716673682.240607 sending message 112 to peer 0x5958ebe27dd0 (6 bytes)
1716673682.240611 sending message 112 to peer 0x5958ebe27dd0 (13 bytes)
1716673682.240615 sending message 112 to peer 0x5958ebe27dd0 (8 bytes)
1716673682.240619 sending message 112 to peer 0x5958ebe27dd0 (15 bytes)
1716673682.240623 sending message 112 to peer 0x5958ebe27dd0 (13 bytes)
1716673682.240626 sending message 112 to peer 0x5958ebe27dd0 (9 bytes)
1716673682.240630 sending message 112 to peer 0x5958ebe27dd0 (70 bytes)
1716673682.240634 sending message 112 to peer 0x5958ebe27dd0 (69 bytes)
1716673682.240638 sending message 112 to peer 0x5958ebe27dd0 (10 bytes)
1716673682.240642 sending message 112 to peer 0x5958ebe27dd0 (10 bytes)
1716673682.240645 sending message 112 to peer 0x5958ebe27dd0 (8 bytes)
1716673682.240649 sending message 112 to peer 0x5958ebe27dd0 (15 bytes)
1716673682.240653 sending message 112 to peer 0x5958ebe27dd0 (13 bytes)
1716673682.240657 sending message 112 to peer 0x5958ebe27dd0 (10 bytes)
1716673682.240661 sending message 112 to peer 0x5958ebe27dd0 (10 bytes)
1716673682.240665 sending message 112 to peer 0x5958ebe27dd0 (17 bytes)
1716673682.240669 sending message 112 to peer 0x5958ebe27dd0 (10 bytes)
1716673682.240672 sending message 112 to peer 0x5958ebe27dd0 (13 bytes)
1716673682.240677 sending message 112 to peer 0x5958ebe27dd0 (9 bytes)
1716673682.240681 sending message 112 to peer 0x5958ebe27dd0 (5 bytes)
1716673682.240684 sending message 112 to peer 0x5958ebe27dd0 (15 bytes)
1716673682.240689 sending message 104 to peer 0x5958ebe27dd0 (0 bytes)
1716673682.240694 sending message 110 to peer 0x5958ebe27dd0 (0 bytes)
1716673682.240699 sending message 107 to peer 0x5958ebe27dd0 (4 bytes)
1716673682.240703 sending message 105 to peer 0x5958ebe27dd0 (16 bytes)
1716673682.240707 sending message 105 to peer 0x5958ebe27dd0 (22 bytes)
1716673682.240710 sending message 105 to peer 0x5958ebe27dd0 (28 bytes)
1716673682.240714 sending message 105 to peer 0x5958ebe27dd0 (25 bytes)
1716673682.240718 sending message 105 to peer 0x5958ebe27dd0 (22 bytes)
1716673682.240723 sending message 105 to peer 0x5958ebe27dd0 (20 bytes)
1716673682.240726 sending message 105 to peer 0x5958ebe27dd0 (35 bytes)
1716673682.240730 sending message 105 to peer 0x5958ebe27dd0 (50 bytes)
1716673682.240734 sending message 105 to peer 0x5958ebe27dd0 (38 bytes)
1716673682.240738 sending message 105 to peer 0x5958ebe27dd0 (58 bytes)
1716673682.240746 sending message 105 to peer 0x5958ebe27dd0 (35 bytes)
1716673682.240750 sending message 105 to peer 0x5958ebe27dd0 (51 bytes)
1716673682.240754 sending message 105 to peer 0x5958ebe27dd0 (58 bytes)
1716673682.240758 sending message 105 to peer 0x5958ebe27dd0 (58 bytes)
1716673682.240762 sending message 105 to peer 0x5958ebe27dd0 (64 bytes)
1716673682.240766 sending message 105 to peer 0x5958ebe27dd0 (20 bytes)
1716673682.240770 sending message 105 to peer 0x5958ebe27dd0 (16 bytes)
1716673682.240774 sending message 105 to peer 0x5958ebe27dd0 (11 bytes)
1716673682.240777 sending message 105 to peer 0x5958ebe27dd0 (15 bytes)
1716673682.240781 sending message 105 to peer 0x5958ebe27dd0 (22 bytes)
1716673682.240784 sending message 105 to peer 0x5958ebe27dd0 (13 bytes)
1716673682.240789 sending message 105 to peer 0x5958ebe27dd0 (29 bytes)
1716673682.240793 sending message 105 to peer 0x5958ebe27dd0 (27 bytes)
1716673682.240797 sending message 105 to peer 0x5958ebe27dd0 (25 bytes)
1716673682.240801 sending message 105 to peer 0x5958ebe27dd0 (21 bytes)
1716673682.240804 sending message 105 to peer 0x5958ebe27dd0 (15 bytes)
1716673682.240808 sending message 105 to peer 0x5958ebe27dd0 (47 bytes)
1716673682.240811 sending message 105 to peer 0x5958ebe27dd0 (16 bytes)
1716673682.240815 sending message 105 to peer 0x5958ebe27dd0 (17 bytes)
1716673682.240819 sending message 105 to peer 0x5958ebe27dd0 (46 bytes)
1716673682.240823 sending message 105 to peer 0x5958ebe27dd0 (30 bytes)
1716673682.240826 sending message 105 to peer 0x5958ebe27dd0 (29 bytes)
1716673682.240830 sending message 105 to peer 0x5958ebe27dd0 (49 bytes)
1716673682.240834 sending message 105 to peer 0x5958ebe27dd0 (104 bytes)
1716673682.240838 sending message 105 to peer 0x5958ebe27dd0 (26 bytes)
1716673682.240841 sending message 105 to peer 0x5958ebe27dd0 (47 bytes)
1716673682.240845 sending message 105 to peer 0x5958ebe27dd0 (28 bytes)
1716673682.240849 sending message 105 to peer 0x5958ebe27dd0 (33 bytes)
1716673682.240853 sending message 105 to peer 0x5958ebe27dd0 (23 bytes)
1716673682.240856 sending message 105 to peer 0x5958ebe27dd0 (19 bytes)
1716673682.240860 sending message 105 to peer 0x5958ebe27dd0 (10 bytes)
1716673682.240865 sending message 105 to peer 0x5958ebe27dd0 (14 bytes)
1716673682.240869 sending message 105 to peer 0x5958ebe27dd0 (90 bytes)
1716673682.240872 sending message 105 to peer 0x5958ebe27dd0 (51 bytes)
1716673682.240876 sending message 105 to peer 0x5958ebe27dd0 (11 bytes)
1716673682.240880 sending message 105 to peer 0x5958ebe27dd0 (11 bytes)
1716673682.240884 sending message 105 to peer 0x5958ebe27dd0 (8 bytes)
1716673682.240888 sending message 105 to peer 0x5958ebe27dd0 (21 bytes)
1716673682.240893 sending message 105 to peer 0x5958ebe27dd0 (11 bytes)
1716673682.240897 sending message 105 to peer 0x5958ebe27dd0 (51 bytes)
1716673682.240901 sending message 105 to peer 0x5958ebe27dd0 (17 bytes)
1716673682.240905 sending message 105 to peer 0x5958ebe27dd0 (39 bytes)
1716673682.240909 sending message 105 to peer 0x5958ebe27dd0 (31 bytes)
1716673682.240914 sending message 105 to peer 0x5958ebe27dd0 (50 bytes)
1716673682.240918 sending message 105 to peer 0x5958ebe27dd0 (121 bytes)
1716673682.240923 sending message 105 to peer 0x5958ebe27dd0 (24 bytes)
1716673682.240926 sending message 105 to peer 0x5958ebe27dd0 (208 bytes)
1716673682.240930 sending message 105 to peer 0x5958ebe27dd0 (12 bytes)
1716673682.240935 sending message 105 to peer 0x5958ebe27dd0 (14 bytes)
1716673682.240940 sending message 105 to peer 0x5958ebe27dd0 (54 bytes)
1716673682.240945 sending message 105 to peer 0x5958ebe27dd0 (19 bytes)
1716673682.240949 sending message 105 to peer 0x5958ebe27dd0 (29 bytes)
1716673682.240953 sending message 105 to peer 0x5958ebe27dd0 (48 bytes)
1716673682.241011 sending message 105 to peer 0x5958ebe27dd0 (26 bytes)
1716673682.241028 sending message 105 to peer 0x5958ebe27dd0 (22 bytes)
1716673682.241032 sending message 105 to peer 0x5958ebe27dd0 (65 bytes)
1716673682.241036 sending message 105 to peer 0x5958ebe27dd0 (18 bytes)
1716673682.241051 sending message 105 to peer 0x5958ebe27dd0 (38 bytes)
1716673682.241058 sending message 105 to peer 0x5958ebe27dd0 (18 bytes)
1716673682.241064 sending message 105 to peer 0x5958ebe27dd0 (18 bytes)
1716673682.241070 sending message 105 to peer 0x5958ebe27dd0 (16 bytes)
1716673682.241076 sending message 106 to peer 0x5958ebe27dd0 (0 bytes)
1716673682.241194 sending message 200 to peer 0x5958ebe27dd0 (4 bytes)
1716673682.241204 client loop enter
1716673682.242131 peer 0x5958ebe27dd0 message 303
1716673682.242145 open write file 2 -
1716673682.242160 sending message 305 to peer 0x5958ebe27dd0 (8 bytes)
1716673682.242174 write check file 2
1716673682.242560 peer 0x5958ebe27dd0 message 304
1716673682.242572 write 58 to file 2
1716673682.242579 peer 0x5958ebe27dd0 message 203
1716673682.242583 file 2 58 bytes left
1716673682.242607 write check file 2
1716673682.242611 client loop exit
